- Building...


Initial Chunk Files | Names         | Raw Size
polyfills.js        | polyfills     | 82.71 kB |
main.js             | main          |  3.05 kB |
styles.css          | styles        | 96 bytes |

                    | Initial Total | 85.86 kB

Application bundle generation complete. [12.130 seconds]
Watch mode enabled. Watching for file changes...
  âžœ  Local:   http://localhost:4200/
- Changes detected. Rebuilding...


Initial Chunk Files | Names | Raw Size
main.js             | main  |  3.02 kB |

Unchanged output files: 2
Application bundle generation complete. [1.047 seconds]
Page reload sent to client(s).
- Changes detected. Rebuilding...


Initial Chunk Files | Names | Raw Size
main.js             | main  |  3.03 kB |

Unchanged output files: 2
Application bundle generation complete. [1.324 seconds]
Page reload sent to client(s).
- Changes detected. Rebuilding...


Initial Chunk Files | Names | Raw Size
main.js             | main  |  3.05 kB |

Unchanged output files: 2
Application bundle generation complete. [1.134 seconds]
Page reload sent to client(s).
- Changes detected. Rebuilding...


Initial Chunk Files | Names | Raw Size
main.js             | main  |  3.09 kB |

Unchanged output files: 2
Application bundle generation complete. [0.841 seconds]
Page reload sent to client(s).
aaa
aaa
aaa
aaa
aaa
aaa
aaa
aaa
aaa
aaa
aaa
aaa
aaa
aaa
aaa
aaa
aaa
aaa
aaa
aaa
aaa
aaa
aaa
aaa
aaa
aaa
aaa
aaa
aaa
aaa
aaa
aaa
aaa
aaa
aaa
aaa
aaa
aaa
aaa
aaa
aaa
aaa
aaa
aaa
aaa
aaa
aaa
aaa
aaa
aaa
aaa
aaa
aaa
aaa
aaa
aaa
aaa
aaa
aaa
aaa
aaa
aaa
aaa
aaa
aaa
aaa
aaa
aaa
aaa
aaa
aaa
aaa
aaa
aaa
aaa
aaa
aaa
aaa
aaa
aaa
aaa
aaa
aaa
aaa
aaa
aaa
aaa
aaa
aaa
aaa
aaa
aaa
aaa
aaa
aaa
aaa
aaa
aaa
aaa
aaa
aaa
aaa
aaa
aaa
aaa
aaa
aaa
aaa
aaa
aaa
aaa
aaa
aaa
aaa
aaa
aaa
aaa
aaa
aaa
aaa
aaa
aaa
aaa
aaa
aaa
aaa
aaa
aaa
aaa
aaa
aaa
aaa
aaa
aaa
aaa
aaa
aaa
aaa
aaa
aaa
aaa
aaa
aaa
aaa
aaa
aaa
aaa
aaa
aaa
aaa
aaa
aaa
aaa
aaa
aaa
aaa
aaa
aaa
aaa
aaa
aaa
aaa
aaa
aaa
aaa
aaa
aaa
aaa
aaa
aaa
aaa
aaa
aaa
aaa
aaa
aaa
aaa
aaa
aaa
aaa
aaa
aaa
aaa
aaa
aaa
aaa
aaa
aaa
aaa
aaa
aaa
aaa
aaa
aaa
aaa
aaa
aaa
aaa
aaa
aaa
aaa
aaa
aaa
aaa
aaa
aaa
aaa
aaa
aaa
aaa
aaa
aaa
aaa
aaa
aaa
aaa
aaa
aaa
aaa
aaa
aaa
aaa
aaa
aaa
aaa
aaa
aaa
aaa
aaa
aaa
aaa
aaa
aaa
aaa
aaa
aaa
aaa
aaa
aaa
aaa
aaa
aaa
aaa
aaa
aaa
aaa
aaa
aaa
aaa
aaa
aaa
aaa
aaa
aaa
aaa
aaa
aaa
aaa
aaa
aaa
aaa
aaa
aaa
aaa
aaa
aaa
aaa
aaa
aaa
aaa
aaa
aaa
aaa
aaa
aaa
aaa
aaa
aaa
aaa
aaa
aaa
aaa
aaa
aaa
aaa
aaa
aaa
aaa
aaa
aaa
aaa
aaa
aaa
aaa
aaa
aaa
aaa
aaa
aaa
aaa
aaa
aaa
aaa
aaa
aaa
aaa
aaa
aaa
aaa
aaa
aaa
aaa
aaa
aaa
aaa
aaa
aaa
aaa
aaa
aaa
aaa
aaa
aaa
aaa
aaa
aaa
aaa
aaa
aaa
aaa
aaa
aaa
- Changes detected. Rebuilding...

aaa
[31mâœ˜ [41;31m[[41;97mERROR[41;31m][0m [1mNG9: Property 'rando' does not exist on type 'SquareComponent'.[0m [1m[35m[plugin angular-compiler][0m

    src/app/square/square.component.ts:6:19:
[37m      6 â”‚   template: `<p>{{ [32mrando[37m }}</p>`,
        â•µ                    [32m~~~~~[0m


[31mâœ˜ [41;31m[[41;97mERROR[41;31m][0m [1mTS2564: Property 'value' has no initializer and is not definitely assigned in the constructor.[0m [1m[35m[plugin angular-compiler][0m

    src/app/square/square.component.ts:10:11:
[37m      10 â”‚   @Input() [32mvalue[37m: 'X' | 'O'
         â•µ            [32m~~~~~[0m


Application bundle generation failed. [0.912 seconds]
aaa
aaa
aaa
aaa
aaa
aaa
aaa
aaa
aaa
aaa
aaa
aaa
aaa
aaa
- Changes detected. Rebuilding...

aaa
[31mâœ˜ [41;31m[[41;97mERROR[41;31m][0m [1mTS2564: Property 'value' has no initializer and is not definitely assigned in the constructor.[0m [1m[35m[plugin angular-compiler][0m

    src/app/square/square.component.ts:10:11:
[37m      10 â”‚   @Input() [32mvalue[37m: 'X' | 'O'
         â•µ            [32m~~~~~[0m


Application bundle generation failed. [1.089 seconds]
aaa
aaa
aaa
aaa
aaa
aaa
aaa
aaa
aaa
aaa
aaa
aaa
aaa
aaa
aaa
aaa
aaa
aaa
aaa
aaa
aaa
aaa
aaa
aaa
aaa
aaa
aaa
aaa
aaa
aaa
aaa
aaa
- Changes detected. Rebuilding...

aaa

Initial Chunk Files | Names         | Raw Size
polyfills.js        | polyfills     | 82.71 kB |
main.js             | main          |  3.04 kB |
styles.css          | styles        | 96 bytes |

                    | Initial Total | 85.84 kB

Application bundle generation complete. [1.053 seconds]
Page reload sent to client(s).
aaa
aaa
aaa
aaa
aaa
aaa
aaa
aaa
aaa
aaa
aaa
aaa
aaa
aaa
aaa
aaa
aaa
aaa
aaa
aaa
aaa
aaa
aaa
aaa
aaa
aaa
aaa
aaa
aaa
aaa
aaa
aaa
aaa
aaa
aaa
aaa
aaa
aaa
aaa
- Changes detected. Rebuilding...

aaa

Initial Chunk Files | Names | Raw Size
main.js             | main  |  3.08 kB |

Unchanged output files: 2
Application bundle generation complete. [0.813 seconds]
Page reload sent to client(s).
aaa
aaa
aaa
aaa
aaa
aaa
aaa
aaa
aaa
aaa
aaa
aaa
aaa
aaa
aaa
aaa
aaa
aaa
aaa
aaa
aaa
aaa
aaa
- Changes detected. Rebuilding...

aaa
[31mâœ˜ [41;31m[[41;97mERROR[41;31m][0m [1mTS2564: Property 'value' has no initializer and is not definitely assigned in the constructor.[0m [1m[35m[plugin angular-compiler][0m

    src/app/square/square.component.ts:12:11:
[37m      12 â”‚   @Input() [32mvalue[37m: 'X' | 'O';
         â•µ            [32m~~~~~[0m


Application bundle generation failed. [0.652 seconds]
aaa
aaa
aaa
aaa
aaa
aaa
aaa
aaa
aaa
aaa
aaa
aaa
aaa
aaa
aaa
aaa
aaa
aaa
- Changes detected. Rebuilding...

aaa
[31mâœ˜ [41;31m[[41;97mERROR[41;31m][0m [1mNG9: Property 'X' does not exist on type 'AppComponent'.[0m [1m[35m[plugin angular-compiler][0m

    src/app/app.component.html:1:21:
[37m      1 â”‚ <app-square [value]="[32mX[37m"></app-square>
        â•µ                      [32m^[0m

  Error occurs in the template of component AppComponent.

    src/app/app.component.ts:10:15:
[37m      10 â”‚   templateUrl: [32m'./app.component.html'[37m,
         â•µ                [32m~~~~~~~~~~~~~~~~~~~~~~[0m


[31mâœ˜ [41;31m[[41;97mERROR[41;31m][0m [1mTS2564: Property 'value' has no initializer and is not definitely assigned in the constructor.[0m [1m[35m[plugin angular-compiler][0m

    src/app/square/square.component.ts:12:11:
[37m      12 â”‚   @Input() [32mvalue[37m: 'X' | 'O';
         â•µ            [32m~~~~~[0m


Application bundle generation failed. [0.866 seconds]
aaa
aaa
aaa
aaa
aaa
aaa
aaa
- Changes detected. Rebuilding...

aaa
[31mâœ˜ [41;31m[[41;97mERROR[41;31m][0m [1mTS2564: Property 'value' has no initializer and is not definitely assigned in the constructor.[0m [1m[35m[plugin angular-compiler][0m

    src/app/square/square.component.ts:12:11:
[37m      12 â”‚   @Input() [32mvalue[37m: 'X' | 'O';
         â•µ            [32m~~~~~[0m


Application bundle generation failed. [0.649 seconds]
aaa
aaa
aaa
- Changes detected. Rebuilding...

[31mâœ˜ [41;31m[[41;97mERROR[41;31m][0m [1mTS2564: Property 'value' has no initializer and is not definitely assigned in the constructor.[0m [1m[35m[plugin angular-compiler][0m

    src/app/square/square.component.ts:12:11:
[37m      12 â”‚   @Input() [32mvalue[37m: 'X' | 'O';
         â•µ            [32m~~~~~[0m


Application bundle generation failed. [0.728 seconds]
aaa
aaa
aaa
aaa
aaa
aaa
aaa
aaa
aaa
aaa
aaa
aaa
aaa
aaa
aaa
aaa
aaa
aaa
aaa
aaa
aaa
aaa
aaa
aaa
aaa
aaa
aaa
aaa
aaa
aaa
aaa
aaa
aaa
aaa
aaa
aaa
aaa
aaa
aaa
aaa
aaa
aaa
aaa
aaa
aaa
aaa
aaa
aaa
aaa
aaa
aaa
aaa
aaa
aaa
aaa
aaa
- Changes detected. Rebuilding...

aaa

Initial Chunk Files | Names         | Raw Size
polyfills.js        | polyfills     | 82.71 kB |
main.js             | main          |  3.12 kB |
styles.css          | styles        | 96 bytes |

                    | Initial Total | 85.93 kB

Application bundle generation complete. [0.997 seconds]
Page reload sent to client(s).
aaa
aaa
aaa
aaa
aaa
aaa
aaa
aaa
aaa
aaa
aaa
aaa
aaa
aaa
aaa
aaa
aaa
aaa
aaa
aaa
aaa
aaa
aaa
aaa
aaa
aaa
aaa
aaa
aaa
aaa
aaa
aaa
aaa
aaa
aaa
aaa
aaa
aaa
aaa
aaa
aaa
aaa
aaa
aaa
aaa
aaa
aaa
aaa
aaa
aaa
aaa
aaa
aaa
aaa
aaa
aaa
aaa
aaa
aaa
aaa
aaa
aaa
aaa
aaa
aaa
aaa
aaa
aaa
aaa
aaa
aaa
aaa
aaa
aaa
aaa
aaa
aaa
aaa
aaa
aaa
aaa
aaa
aaa
aaa
aaa
aaa
aaa
aaa
aaa
aaa
aaa
aaa
aaa
aaa
aaa
aaa
aaa
aaa
aaa
aaa
aaa
aaa
aaa
aaa
aaa
aaa
aaa
aaa
aaa
aaa
aaa
aaa
aaa
aaa
aaa
aaa
aaa
aaa
aaa
aaa
aaa
aaa
aaa
aaa
aaa
aaa
aaa
aaa
aaa
aaa
aaa
aaa
aaa
aaa
aaa
aaa
aaa
aaa
aaa
aaa
aaa
aaa
aaa
aaa
aaa
aaa
aaa
aaa
aaa
aaa
aaa
aaa
aaa
aaa
aaa
aaa
aaa
aaa
aaa
aaa
aaa
aaa
aaa
aaa
aaa
aaa
aaa
aaa
aaa
aaa
aaa
aaa
aaa
aaa
aaa
aaa
aaa
aaa
aaa
aaa
aaa
aaa
aaa
aaa
aaa
aaa
aaa
aaa
aaa
aaa
aaa
aaa
aaa
aaa
aaa
aaa
aaa
aaa
aaa
aaa
aaa
aaa
aaa
aaa
aaa
aaa
aaa
aaa
aaa
aaa
aaa
aaa
aaa
aaa
aaa
aaa
aaa
aaa
aaa
aaa
aaa
aaa
aaa
aaa
aaa
aaa
aaa
aaa
aaa
aaa
aaa
aaa
aaa
aaa
aaa
aaa
aaa
aaa
aaa
aaa
aaa
aaa
aaa
aaa
aaa
aaa
aaa
aaa
aaa
aaa
aaa
aaa
aaa
aaa
aaa
aaa
aaa
aaa
aaa
aaa
aaa
aaa
aaa
aaa
aaa
aaa
aaa
aaa
aaa
aaa
aaa
aaa
aaa
aaa
aaa
aaa
aaa
aaa
aaa
aaa
aaa
aaa
aaa
aaa
aaa
aaa
aaa
aaa
aaa
aaa
aaa
aaa
aaa
aaa
aaa
aaa
aaa
aaa
aaa
aaa
aaa
aaa
aaa
aaa
aaa
aaa
aaa
aaa
aaa
aaa
aaa
aaa
aaa
aaa
aaa
aaa
aaa
aaa
aaa
aaa
aaa
aaa
aaa
aaa
aaa
aaa
aaa
aaa
aaa
aaa
aaa
aaa
aaa
aaa
aaa
aaa
aaa
aaa
aaa
aaa
aaa
aaa
aaa
aaa
aaa
aaa
aaa
aaa
aaa
aaa
aaa
aaa
aaa
aaa
aaa
aaa
aaa
aaa
aaa
aaa
aaa
aaa
aaa
aaa
aaa
aaa
aaa
aaa
aaa
aaa
aaa
aaa
aaa
aaa
aaa
aaa
aaa
aaa
aaa
aaa
aaa
aaa
aaa
aaa
aaa
aaa
aaa
aaa
aaa
aaa
aaa
aaa
aaa
aaa
aaa
aaa
aaa
aaa
aaa
aaa
aaa
aaa
aaa
aaa
aaa
aaa
aaa
aaa
aaa
aaa
aaa
aaa
aaa
aaa
aaa
aaa
aaa
aaa
aaa
aaa
aaa
aaa
aaa
aaa
aaa
aaa
aaa
aaa
aaa
aaa
aaa
aaa
aaa
aaa
aaa
aaa
aaa
aaa
aaa
aaa
aaa
aaa
aaa
aaa
aaa
aaa
aaa
aaa
aaa
aaa
aaa
aaa
aaa
aaa
aaa
aaa
aaa
aaa
aaa
aaa
aaa
aaa
aaa
aaa
aaa
aaa
aaa
aaa
aaa
aaa
aaa
aaa
aaa
aaa
aaa
aaa
aaa
aaa
aaa
aaa
aaa
aaa
aaa
aaa
aaa
aaa
aaa
aaa
aaa
aaa
aaa
aaa
aaa
aaa
aaa
aaa
aaa
aaa
aaa
aaa
aaa
aaa
aaa
aaa
aaa
aaa
aaa
aaa
aaa
aaa
aaa
aaa
aaa
aaa
aaa
aaa
aaa
aaa
aaa
aaa
aaa
aaa
aaa
aaa
aaa
aaa
aaa
aaa
aaa
aaa
aaa
aaa
aaa
aaa
aaa
aaa
aaa
aaa
aaa
aaa
aaa
aaa
aaa
aaa
aaa
aaa
aaa
aaa
aaa
aaa
aaa
aaa
aaa
aaa
aaa
aaa
aaa
aaa
aaa
aaa
aaa
aaa
aaa
aaa
aaa
aaa
aaa
aaa
aaa
aaa
aaa
aaa
aaa
aaa
aaa
aaa
aaa
aaa
aaa
aaa
aaa
aaa
aaa
aaa
aaa
aaa
aaa
aaa
aaa
aaa
aaa
aaa
aaa
aaa
aaa
aaa
aaa
aaa
aaa
aaa
aaa
aaa
aaa
aaa
aaa
aaa
aaa
aaa
aaa
aaa
aaa
aaa
aaa
aaa
aaa
aaa
aaa
aaa
aaa
aaa
aaa
aaa
aaa
aaa
aaa
aaa
aaa
aaa
aaa
aaa
aaa
aaa
aaa
aaa
aaa
aaa
aaa
aaa
aaa
aaa
aaa
aaa
aaa
aaa
aaa
aaa
aaa
aaa
aaa
aaa
aaa
aaa
aaa
aaa
aaa
aaa
aaa
aaa
aaa
aaa
aaa
aaa
aaa
aaa
aaa
aaa
aaa
aaa
aaa
aaa
aaa
aaa
aaa
aaa
aaa
aaa
aaa
aaa
aaa
aaa
aaa
aaa
aaa
aaa
aaa
aaa
aaa
aaa
aaa
aaa
aaa
aaa
aaa
aaa
aaa
aaa
aaa
aaa
aaa
aaa
aaa
aaa
aaa
aaa
aaa
aaa
aaa
aaa
aaa
aaa
aaa
aaa
aaa
aaa
aaa
aaa
aaa
aaa
aaa
aaa
aaa
aaa
aaa
aaa
aaa
aaa
aaa
aaa
aaa
aaa
aaa
aaa
aaa
aaa
aaa
aaa
aaa
aaa
aaa
aaa
aaa
aaa
aaa
aaa
aaa
aaa
aaa
aaa
aaa
aaa
aaa
aaa
aaa
aaa
aaa
aaa
aaa
aaa
aaa
aaa
aaa
aaa
aaa
aaa
aaa
aaa
aaa
aaa
aaa
aaa
aaa
aaa
aaa
aaa
aaa
aaa
aaa
aaa
aaa
aaa
aaa
aaa
aaa
aaa
aaa
aaa
aaa
aaa
aaa
aaa
aaa
aaa
aaa
aaa
aaa
aaa
aaa
aaa
aaa
aaa
aaa
aaa
aaa
aaa
aaa
aaa
aaa
aaa
aaa
aaa
aaa
aaa
aaa
aaa
aaa
aaa
aaa
aaa
aaa
aaa
aaa
aaa
aaa
aaa
aaa
aaa
aaa
aaa
aaa
aaa
aaa
aaa
aaa
aaa
aaa
aaa
aaa
aaa
aaa
aaa
aaa
aaa
aaa
aaa
aaa
aaa
aaa
aaa
aaa
aaa
aaa
aaa
aaa
aaa
aaa
aaa
aaa
aaa
aaa
aaa
aaa
aaa
aaa
aaa
aaa
aaa
aaa
aaa
aaa
aaa
aaa
aaa
aaa
aaa
aaa
aaa
aaa
aaa
aaa
aaa
aaa
aaa
aaa
aaa
aaa
aaa
aaa
aaa
aaa
aaa
aaa
aaa
aaa
aaa
aaa
aaa
aaa
aaa
aaa
aaa
aaa
aaa
aaa
aaa
aaa
aaa
aaa
aaa
aaa
aaa
aaa
aaa
aaa
aaa
aaa
aaa
aaa
aaa
aaa
aaa
aaa
aaa
aaa
aaa
aaa
aaa
aaa
aaa
aaa
aaa
aaa
aaa
aaa
aaa
aaa
aaa
aaa
aaa
aaa
aaa
- Changes detected. Rebuilding...

aaa
[31mâœ˜ [41;31m[[41;97mERROR[41;31m][0m [1mNG8001: 'app-border' is not a known element:
1. If 'app-border' is an Angular component, then verify that it is included in the '@Component.imports' of this component.
2. If 'app-border' is a Web Component then add 'CUSTOM_ELEMENTS_SCHEMA' to the '@Component.schemas' of this component to suppress this message.[0m [1m[35m[plugin angular-compiler][0m

    src/app/app.component.html:2:0:
[37m      2 â”‚ [32m<app-border>[37m</app-border>
        â•µ [32m~~~~~~~~~~~~[0m

  Error occurs in the template of component AppComponent.

    src/app/app.component.ts:10:15:
[37m      10 â”‚   templateUrl: [32m'./app.component.html'[37m,
         â•µ                [32m~~~~~~~~~~~~~~~~~~~~~~[0m


Application bundle generation failed. [0.560 seconds]
aaa
aaa
aaa
aaa
aaa
aaa
aaa
aaa
aaa
aaa
aaa
aaa
aaa
- Changes detected. Rebuilding...

aaa
[31mâœ˜ [41;31m[[41;97mERROR[41;31m][0m [1mNG8001: 'app-border' is not a known element:
1. If 'app-border' is an Angular component, then verify that it is included in the '@Component.imports' of this component.
2. If 'app-border' is a Web Component then add 'CUSTOM_ELEMENTS_SCHEMA' to the '@Component.schemas' of this component to suppress this message.[0m [1m[35m[plugin angular-compiler][0m

    src/app/app.component.html:2:0:
[37m      2 â”‚ [32m<app-border>[37m</app-border>
        â•µ [32m~~~~~~~~~~~~[0m

  Error occurs in the template of component AppComponent.

    src/app/app.component.ts:11:15:
[37m      11 â”‚   templateUrl: [32m'./app.component.html'[37m,
         â•µ                [32m~~~~~~~~~~~~~~~~~~~~~~[0m


[31mâœ˜ [41;31m[[41;97mERROR[41;31m][0m [1mTS2564: Property 'sqaures' has no initializer and is not definitely assigned in the constructor.[0m [1m[35m[plugin angular-compiler][0m

    src/app/board/board.component.ts:13:2:
[37m      13 â”‚   [32msqaures[37m: any[];
         â•µ   [32m~~~~~~~[0m


[31mâœ˜ [41;31m[[41;97mERROR[41;31m][0m [1mTS2564: Property 'xIsNext' has no initializer and is not definitely assigned in the constructor.[0m [1m[35m[plugin angular-compiler][0m

    src/app/board/board.component.ts:14:2:
[37m      14 â”‚   [32mxIsNext[37m: boolean;
         â•µ   [32m~~~~~~~[0m


[31mâœ˜ [41;31m[[41;97mERROR[41;31m][0m [1mTS2564: Property 'winner' has no initializer and is not definitely assigned in the constructor.[0m [1m[35m[plugin angular-compiler][0m

    src/app/board/board.component.ts:15:2:
[37m      15 â”‚   [32mwinner[37m: string;
         â•µ   [32m~~~~~~[0m


[31mâœ˜ [41;31m[[41;97mERROR[41;31m][0m [1mTS2322: Type 'null' is not assignable to type 'string'.[0m [1m[35m[plugin angular-compiler][0m

    src/app/board/board.component.ts:27:4:
[37m      27 â”‚     [32mthis.winner[37m = null
         â•µ     [32m~~~~~~~~~~~[0m


[31mâœ˜ [41;31m[[41;97mERROR[41;31m][0m [1mTS2551: Property 'squares' does not exist on type 'BoardComponent'. Did you mean 'sqaures'?[0m [1m[35m[plugin angular-compiler][0m

    src/app/board/board.component.ts:58:13:
[37m      58 â”‚         this.[32msquares[37m[a] &&
         â•µ              [32m~~~~~~~[0m

  'sqaures' is declared here.

    src/app/board/board.component.ts:13:2:
[37m      13 â”‚   [32msqaures[37m: any[];
         â•µ   [32m~~~~~~~[0m


[31mâœ˜ [41;31m[[41;97mERROR[41;31m][0m [1mTS2551: Property 'squares' does not exist on type 'BoardComponent'. Did you mean 'sqaures'?[0m [1m[35m[plugin angular-compiler][0m

    src/app/board/board.component.ts:59:13:
[37m      59 â”‚         this.[32msquares[37m[a] === this.squares[b] &&
         â•µ              [32m~~~~~~~[0m

  'sqaures' is declared here.

    src/app/board/board.component.ts:13:2:
[37m      13 â”‚   [32msqaures[37m: any[];
         â•µ   [32m~~~~~~~[0m


[31mâœ˜ [41;31m[[41;97mERROR[41;31m][0m [1mTS2551: Property 'squares' does not exist on type 'BoardComponent'. Did you mean 'sqaures'?[0m [1m[35m[plugin angular-compiler][0m

    src/app/board/board.component.ts:59:33:
[37m      59 â”‚         this.squares[a] === this.[32msquares[37m[b] &&
         â•µ                                  [32m~~~~~~~[0m

  'sqaures' is declared here.

    src/app/board/board.component.ts:13:2:
[37m      13 â”‚   [32msqaures[37m: any[];
         â•µ   [32m~~~~~~~[0m


[31mâœ˜ [41;31m[[41;97mERROR[41;31m][0m [1mTS2551: Property 'squares' does not exist on type 'BoardComponent'. Did you mean 'sqaures'?[0m [1m[35m[plugin angular-compiler][0m

    src/app/board/board.component.ts:60:13:
[37m      60 â”‚         this.[32msquares[37m[a] === this.squares[c]
         â•µ              [32m~~~~~~~[0m

  'sqaures' is declared here.

    src/app/board/board.component.ts:13:2:
[37m      13 â”‚   [32msqaures[37m: any[];
         â•µ   [32m~~~~~~~[0m


[31mâœ˜ [41;31m[[41;97mERROR[41;31m][0m [1mTS2551: Property 'squares' does not exist on type 'BoardComponent'. Did you mean 'sqaures'?[0m [1m[35m[plugin angular-compiler][0m

    src/app/board/board.component.ts:60:33:
[37m      60 â”‚         this.squares[a] === this.[32msquares[37m[c]
         â•µ                                  [32m~~~~~~~[0m

  'sqaures' is declared here.

    src/app/board/board.component.ts:13:2:
[37m      13 â”‚   [32msqaures[37m: any[];
         â•µ   [32m~~~~~~~[0m


[31mâœ˜ [41;31m[[41;97mERROR[41;31m][0m [1mTS2551: Property 'squares' does not exist on type 'BoardComponent'. Did you mean 'sqaures'?[0m [1m[35m[plugin angular-compiler][0m

    src/app/board/board.component.ts:62:20:
[37m      62 â”‚         return this.[32msquares[37m[a];
         â•µ                     [32m~~~~~~~[0m

  'sqaures' is declared here.

    src/app/board/board.component.ts:13:2:
[37m      13 â”‚   [32msqaures[37m: any[];
         â•µ   [32m~~~~~~~[0m


Application bundle generation failed. [1.685 seconds]
aaa
aaa
aaa
aaa
aaa
aaa
- Changes detected. Rebuilding...

aaa
[31mâœ˜ [41;31m[[41;97mERROR[41;31m][0m [1mTS2564: Property 'sqaures' has no initializer and is not definitely assigned in the constructor.[0m [1m[35m[plugin angular-compiler][0m

    src/app/board/board.component.ts:13:2:
[37m      13 â”‚   [32msqaures[37m: any[];
         â•µ   [32m~~~~~~~[0m


[31mâœ˜ [41;31m[[41;97mERROR[41;31m][0m [1mTS2564: Property 'xIsNext' has no initializer and is not definitely assigned in the constructor.[0m [1m[35m[plugin angular-compiler][0m

    src/app/board/board.component.ts:14:2:
[37m      14 â”‚   [32mxIsNext[37m: boolean;
         â•µ   [32m~~~~~~~[0m


[31mâœ˜ [41;31m[[41;97mERROR[41;31m][0m [1mTS2564: Property 'winner' has no initializer and is not definitely assigned in the constructor.[0m [1m[35m[plugin angular-compiler][0m

    src/app/board/board.component.ts:15:2:
[37m      15 â”‚   [32mwinner[37m: string;
         â•µ   [32m~~~~~~[0m


[31mâœ˜ [41;31m[[41;97mERROR[41;31m][0m [1mTS2322: Type 'null' is not assignable to type 'string'.[0m [1m[35m[plugin angular-compiler][0m

    src/app/board/board.component.ts:27:4:
[37m      27 â”‚     [32mthis.winner[37m = null
         â•µ     [32m~~~~~~~~~~~[0m


[31mâœ˜ [41;31m[[41;97mERROR[41;31m][0m [1mTS2551: Property 'squares' does not exist on type 'BoardComponent'. Did you mean 'sqaures'?[0m [1m[35m[plugin angular-compiler][0m

    src/app/board/board.component.ts:58:13:
[37m      58 â”‚         this.[32msquares[37m[a] &&
         â•µ              [32m~~~~~~~[0m

  'sqaures' is declared here.

    src/app/board/board.component.ts:13:2:
[37m      13 â”‚   [32msqaures[37m: any[];
         â•µ   [32m~~~~~~~[0m


[31mâœ˜ [41;31m[[41;97mERROR[41;31m][0m [1mTS2551: Property 'squares' does not exist on type 'BoardComponent'. Did you mean 'sqaures'?[0m [1m[35m[plugin angular-compiler][0m

    src/app/board/board.component.ts:59:13:
[37m      59 â”‚         this.[32msquares[37m[a] === this.squares[b] &&
         â•µ              [32m~~~~~~~[0m

  'sqaures' is declared here.

    src/app/board/board.component.ts:13:2:
[37m      13 â”‚   [32msqaures[37m: any[];
         â•µ   [32m~~~~~~~[0m


[31mâœ˜ [41;31m[[41;97mERROR[41;31m][0m [1mTS2551: Property 'squares' does not exist on type 'BoardComponent'. Did you mean 'sqaures'?[0m [1m[35m[plugin angular-compiler][0m

    src/app/board/board.component.ts:59:33:
[37m      59 â”‚         this.squares[a] === this.[32msquares[37m[b] &&
         â•µ                                  [32m~~~~~~~[0m

  'sqaures' is declared here.

    src/app/board/board.component.ts:13:2:
[37m      13 â”‚   [32msqaures[37m: any[];
         â•µ   [32m~~~~~~~[0m


[31mâœ˜ [41;31m[[41;97mERROR[41;31m][0m [1mTS2551: Property 'squares' does not exist on type 'BoardComponent'. Did you mean 'sqaures'?[0m [1m[35m[plugin angular-compiler][0m

    src/app/board/board.component.ts:60:13:
[37m      60 â”‚         this.[32msquares[37m[a] === this.squares[c]
         â•µ              [32m~~~~~~~[0m

  'sqaures' is declared here.

    src/app/board/board.component.ts:13:2:
[37m      13 â”‚   [32msqaures[37m: any[];
         â•µ   [32m~~~~~~~[0m


[31mâœ˜ [41;31m[[41;97mERROR[41;31m][0m [1mTS2551: Property 'squares' does not exist on type 'BoardComponent'. Did you mean 'sqaures'?[0m [1m[35m[plugin angular-compiler][0m

    src/app/board/board.component.ts:60:33:
[37m      60 â”‚         this.squares[a] === this.[32msquares[37m[c]
         â•µ                                  [32m~~~~~~~[0m

  'sqaures' is declared here.

    src/app/board/board.component.ts:13:2:
[37m      13 â”‚   [32msqaures[37m: any[];
         â•µ   [32m~~~~~~~[0m


[31mâœ˜ [41;31m[[41;97mERROR[41;31m][0m [1mTS2551: Property 'squares' does not exist on type 'BoardComponent'. Did you mean 'sqaures'?[0m [1m[35m[plugin angular-compiler][0m

    src/app/board/board.component.ts:62:20:
[37m      62 â”‚         return this.[32msquares[37m[a];
         â•µ                     [32m~~~~~~~[0m

  'sqaures' is declared here.

    src/app/board/board.component.ts:13:2:
[37m      13 â”‚   [32msqaures[37m: any[];
         â•µ   [32m~~~~~~~[0m


Application bundle generation failed. [0.985 seconds]
aaa
aaa
aaa
aaa
aaa
aaa
aaa
aaa
aaa
aaa
aaa
aaa
aaa
aaa
aaa
aaa
aaa
aaa
aaa
aaa
aaa
aaa
aaa
aaa
aaa
aaa
aaa
aaa
aaa
aaa
aaa
aaa
aaa
aaa
aaa
aaa
aaa
aaa
aaa
aaa
aaa
aaa
aaa
aaa
aaa
aaa
aaa
aaa
aaa
aaa
aaa
aaa
aaa
aaa
aaa
aaa
aaa
aaa
aaa
aaa
aaa
aaa
aaa
aaa
aaa
aaa
aaa
aaa
aaa
aaa
aaa
aaa
aaa
aaa
aaa
aaa
aaa
aaa
aaa
aaa
aaa
aaa
aaa
- Changes detected. Rebuilding...

aaa
[31mâœ˜ [41;31m[[41;97mERROR[41;31m][0m [1mNG1: Property 'sqaures' does not exist on type 'BoardComponent'. Did you mean 'squares'?[0m [1m[35m[plugin angular-compiler][0m

    src/app/board/board.component.html:10:33:
[37m      10 â”‚   <app-square *ngFor="let val of [32msqaures[37m; let i = index"
         â•µ                                  [32m~~~~~~~[0m

  Error occurs in the template of component BoardComponent.

    src/app/board/board.component.ts:9:15:
[37m      9 â”‚   templateUrl: [32m'./board.component.html'[37m,
        â•µ                [32m~~~~~~~~~~~~~~~~~~~~~~~~[0m


Application bundle generation failed. [0.744 seconds]
aaa
aaa
aaa
aaa
aaa
aaa
aaa
aaa
aaa
aaa
aaa
aaa
aaa
aaa
aaa
aaa
aaa
aaa
aaa
aaa
aaa
aaa
aaa
aaa
aaa
aaa
aaa
aaa
aaa
aaa
aaa
aaa
aaa
- Changes detected. Rebuilding...

aaa
[31mâœ˜ [41;31m[[41;97mERROR[41;31m][0m [1mNG2: Type 'string' is not assignable to type '"X" | "O" | undefined'.[0m [1m[35m[plugin angular-compiler][0m

    src/app/board/board.component.html:11:3:
[37m      11 â”‚   [[32mvalue[37m]="val" (click)="makeMove(i)"></app-square>
         â•µ    [32m~~~~~[0m

  Error occurs in the template of component BoardComponent.

    src/app/board/board.component.ts:9:15:
[37m      9 â”‚   templateUrl: [32m'./board.component.html'[37m,
        â•µ                [32m~~~~~~~~~~~~~~~~~~~~~~~~[0m


Application bundle generation failed. [0.599 seconds]
aaa
aaa
aaa
aaa
aaa
aaa
aaa
aaa
aaa
aaa
aaa
aaa
aaa
aaa
aaa
aaa
aaa
aaa
aaa
aaa
aaa
aaa
aaa
aaa
aaa
aaa
aaa
aaa
aaa
aaa
aaa
aaa
aaa
aaa
aaa
aaa
aaa
aaa
aaa
aaa
aaa
aaa
aaa
aaa
aaa
aaa
aaa
aaa
aaa
aaa
aaa
aaa
- Changes detected. Rebuilding...

aaa
[31mâœ˜ [41;31m[[41;97mERROR[41;31m][0m [1mNG2: Type '"X" | "O" | null' is not assignable to type '"X" | "O" | undefined'.
  Type 'null' is not assignable to type '"X" | "O" | undefined'.[0m [1m[35m[plugin angular-compiler][0m

    src/app/board/board.component.html:11:3:
[37m      11 â”‚   [[32mvalue[37m]="val" (click)="makeMove(i)"></app-square>
         â•µ    [32m~~~~~[0m

  Error occurs in the template of component BoardComponent.

    src/app/board/board.component.ts:9:15:
[37m      9 â”‚   templateUrl: [32m'./board.component.html'[37m,
        â•µ                [32m~~~~~~~~~~~~~~~~~~~~~~~~[0m


Application bundle generation failed. [0.958 seconds]
aaa
aaa
aaa
aaa
aaa
aaa
aaa
aaa
aaa
aaa
aaa
aaa
aaa
aaa
aaa
aaa
- Changes detected. Rebuilding...

aaa
[31mâœ˜ [41;31m[[41;97mERROR[41;31m][0m [1mTS2564: Property 'value' has no initializer and is not definitely assigned in the constructor.[0m [1m[35m[plugin angular-compiler][0m

    src/app/square/square.component.ts:12:11:
[37m      12 â”‚   @Input() [32mvalue[37m: 'X' | 'O' | null;
         â•µ            [32m~~~~~[0m


Application bundle generation failed. [0.741 seconds]
aaa
aaa
aaa
aaa
aaa
aaa
aaa
aaa
aaa
aaa
- Changes detected. Rebuilding...

aaa

Initial Chunk Files | Names         | Raw Size
polyfills.js        | polyfills     | 82.71 kB |
main.js             | main          |  7.82 kB |
styles.css          | styles        | 96 bytes |

                    | Initial Total | 90.62 kB

Application bundle generation complete. [0.918 seconds]
Page reload sent to client(s).
aaa
aaa
aaa
aaa
aaa
aaa
aaa
aaa
aaa
aaa
aaa
aaa
aaa
aaa
aaa
aaa
aaa
aaa
aaa
aaa
aaa
aaa
aaa
aaa
aaa
aaa
aaa
aaa
aaa
aaa
aaa
aaa
aaa
aaa
aaa
aaa
aaa
aaa
aaa
aaa
aaa
aaa
aaa
aaa
aaa
aaa
aaa
aaa
aaa
aaa
aaa
aaa
aaa
aaa
aaa
aaa
aaa
aaa
aaa
aaa
aaa
aaa
aaa
aaa
aaa
aaa
aaa
aaa
aaa
aaa
aaa
aaa
aaa
aaa
aaa
aaa
aaa
aaa
aaa
aaa
aaa
aaa
aaa
- Changes detected. Rebuilding...


Initial Chunk Files | Names | Raw Size
main.js             | main  |  8.07 kB |

Unchanged output files: 2
Application bundle generation complete. [0.609 seconds]
Page reload sent to client(s).
aaa
aaa
aaa
aaa
aaa
aaa
aaa
aaa
aaa
aaa
aaa
aaa
aaa
aaa
aaa
aaa
aaa
aaa
aaa
aaa
aaa
aaa
aaa
aaa
aaa
aaa
aaa
aaa
aaa
aaa
aaa
aaa
aaa
aaa
aaa
aaa
aaa
aaa
aaa
aaa
aaa
aaa
aaa
aaa
aaa
aaa
aaa
aaa
aaa
aaa
aaa
aaa
aaa
aaa
aaa
aaa
aaa
aaa
aaa
aaa
aaa
aaa
aaa
aaa
aaa
aaa
aaa
aaa
aaa
aaa
aaa
aaa
aaa
aaa
- Changes detected. Rebuilding...


Initial Chunk Files | Names | Raw Size
main.js             | main  |  8.12 kB |

Unchanged output files: 2
Application bundle generation complete. [0.789 seconds]
Page reload sent to client(s).
aaa
aaa
aaa
aaa
aaa
aaa
aaa
aaa
aaa
aaa
aaa
aaa
aaa
aaa
aaa
aaa
aaa
aaa
aaa
aaa
aaa
aaa
aaa
aaa
aaa
aaa
aaa
aaa
aaa
aaa
aaa
aaa
aaa
aaa
aaa
aaa
aaa
aaa
aaa
aaa
aaa
aaa
aaa
aaa
- Changes detected. Rebuilding...


Initial Chunk Files | Names | Raw Size
main.js             | main  |  8.20 kB |

Unchanged output files: 2
Application bundle generation complete. [0.612 seconds]
Page reload sent to client(s).
aaa
aaa
aaa
aaa
aaa
aaa
aaa
aaa
aaa
aaa
- Changes detected. Rebuilding...


Initial Chunk Files | Names | Raw Size
main.js             | main  |  8.20 kB |

Unchanged output files: 2
Application bundle generation complete. [0.534 seconds]
Page reload sent to client(s).
aaa
aaa
aaa
aaa
aaa
aaa
aaa
aaa
aaa
aaa
aaa
aaa
aaa
aaa
- Changes detected. Rebuilding...

aaa

Initial Chunk Files | Names | Raw Size
main.js             | main  |  8.20 kB |

Unchanged output files: 2
Application bundle generation complete. [0.505 seconds]
Page reload sent to client(s).
aaa
aaa
aaa
aaa
aaa
aaa
aaa
aaa
aaa
aaa
aaa
aaa
aaa
aaa
aaa
aaa
aaa
aaa
aaa
aaa
aaa
aaa
aaa
aaa
aaa
aaa
aaa
aaa
aaa
aaa
aaa
aaa
aaa
aaa
aaa
aaa
- Changes detected. Rebuilding...

aaa

Initial Chunk Files | Names | Raw Size
main.js             | main  |  8.20 kB |

Unchanged output files: 2
Application bundle generation complete. [0.738 seconds]
Page reload sent to client(s).
aaa
aaa
aaa
aaa
aaa
aaa
aaa
aaa
aaa
aaa
aaa
aaa
aaa
aaa
aaa
aaa
aaa
aaa
aaa
aaa
aaa
aaa
aaa
aaa
aaa
aaa
aaa
aaa
aaa
aaa
aaa
aaa
aaa
aaa
aaa
aaa
aaa
aaa
aaa
aaa
aaa
aaa
aaa
aaa
aaa
aaa
aaa
aaa
aaa
aaa
aaa
aaa
- Changes detected. Rebuilding...


Initial Chunk Files | Names | Raw Size
main.js             | main  |  8.08 kB |

Unchanged output files: 2
Application bundle generation complete. [0.637 seconds]
Page reload sent to client(s).
aaa
aaa
aaa
aaa
aaa
aaa
aaa
aaa
aaa
aaa
aaa
aaa
aaa
aaa
aaa
aaa
aaa
aaa
aaa
aaa
aaa
aaa
